# JRE version: OpenJDK Runtime Environment (17.0.6) (build 17.0.6+0-b2043.56-9586694)
# Java VM: OpenJDK 64-Bit Server VM (17.0.6+0-b2043.56-9586694, mixed mode, tiered, compressed oops, compressed class ptrs, g1 gc, windows-amd64)
GC Precious Log:
 CPUs: 16 total, 16 available
 Memory: 32435M
 Large Page Support: Disabled
 NUMA Support: Disabled
 Compressed Oops: Enabled (Zero based)
 Heap Region Size: 2M
 Heap Min Capacity: 8M
 Heap Initial Capacity: 508M
 Heap Max Capacity: 4G
 Pre-touch: Disabled
 Parallel Workers: 13
 Concurrent Workers: 3
 Concurrent Refinement Workers: 13
 Periodic GC: Disabled
Heap:
 garbage-first heap   total 301056K, used 211602K [0x0000000700000000, 0x0000000800000000)
  region size 2048K, 20 young (40960K), 5 survivors (10240K)
 Metaspace       used 119647K, committed 120768K, reserved 1155072K
  class space    used 17004K, committed 17536K, reserved 1048576K
GC Heap History (20 events):
Event: 57.164 GC heap before
{Heap before GC invocations=27 (full 0):
 garbage-first heap   total 301056K, used 213054K [0x0000000700000000, 0x0000000800000000)
  region size 2048K, 41 young (83968K), 6 survivors (12288K)
 Metaspace       used 91276K, committed 92160K, reserved 1130496K
  class space    used 12952K, committed 13376K, reserved 1048576K
}
Event: 57.168 GC heap after
{Heap after GC invocations=28 (full 0):
 garbage-first heap   total 301056K, used 144401K [0x0000000700000000, 0x0000000800000000)
  region size 2048K, 3 young (6144K), 3 survivors (6144K)
 Metaspace       used 91276K, committed 92160K, reserved 1130496K
  class space    used 12952K, committed 13376K, reserved 1048576K
}
Event: 58.892 GC heap before
{Heap before GC invocations=29 (full 0):
 garbage-first heap   total 301056K, used 242705K [0x0000000700000000, 0x0000000800000000)
  region size 2048K, 52 young (106496K), 3 survivors (6144K)
 Metaspace       used 97352K, committed 98304K, reserved 1138688K
  class space    used 13794K, committed 14272K, reserved 1048576K
}
Event: 58.896 GC heap after
{Heap after GC invocations=30 (full 0):
 garbage-first heap   total 301056K, used 151301K [0x0000000700000000, 0x0000000800000000)
  region size 2048K, 6 young (12288K), 6 survivors (12288K)
 Metaspace       used 97352K, committed 98304K, reserved 1138688K
  class space    used 13794K, committed 14272K, reserved 1048576K
}
Event: 58.926 GC heap before
{Heap before GC invocations=30 (full 0):
 garbage-first heap   total 301056K, used 151301K [0x0000000700000000, 0x0000000800000000)
  region size 2048K, 7 young (14336K), 6 survivors (12288K)
 Metaspace       used 97410K, committed 98368K, reserved 1138688K
  class space    used 13797K, committed 14272K, reserved 1048576K
}
Event: 58.930 GC heap after
{Heap after GC invocations=31 (full 0):
 garbage-first heap   total 301056K, used 150945K [0x0000000700000000, 0x0000000800000000)
  region size 2048K, 1 young (2048K), 1 survivors (2048K)
 Metaspace       used 97410K, committed 98368K, reserved 1138688K
  class space    used 13797K, committed 14272K, reserved 1048576K
}
Event: 59.933 GC heap before
{Heap before GC invocations=31 (full 0):
 garbage-first heap   total 301056K, used 245153K [0x0000000700000000, 0x0000000800000000)
  region size 2048K, 48 young (98304K), 1 survivors (2048K)
 Metaspace       used 102561K, committed 103552K, reserved 1138688K
  class space    used 14474K, committed 14976K, reserved 1048576K
}
Event: 59.935 GC heap after
{Heap after GC invocations=32 (full 0):
 garbage-first heap   total 301056K, used 156374K [0x0000000700000000, 0x0000000800000000)
  region size 2048K, 4 young (8192K), 4 survivors (8192K)
 Metaspace       used 102561K, committed 103552K, reserved 1138688K
  class space    used 14474K, committed 14976K, reserved 1048576K
}
Event: 61.050 GC heap before
{Heap before GC invocations=33 (full 0):
 garbage-first heap   total 301056K, used 244438K [0x0000000700000000, 0x0000000800000000)
  region size 2048K, 48 young (98304K), 4 survivors (8192K)
 Metaspace       used 106155K, committed 107136K, reserved 1146880K
  class space    used 14998K, committed 15488K, reserved 1048576K
}
Event: 61.054 GC heap after
{Heap after GC invocations=34 (full 0):
 garbage-first heap   total 301056K, used 162078K [0x0000000700000000, 0x0000000800000000)
  region size 2048K, 3 young (6144K), 3 survivors (6144K)
 Metaspace       used 106155K, committed 107136K, reserved 1146880K
  class space    used 14998K, committed 15488K, reserved 1048576K
}
Event: 61.113 GC heap before
{Heap before GC invocations=34 (full 0):
 garbage-first heap   total 301056K, used 170270K [0x0000000700000000, 0x0000000800000000)
  region size 2048K, 7 young (14336K), 3 survivors (6144K)
 Metaspace       used 106155K, committed 107136K, reserved 1146880K
  class space    used 14998K, committed 15488K, reserved 1048576K
}
Event: 61.118 GC heap after
{Heap after GC invocations=35 (full 0):
 garbage-first heap   total 301056K, used 154363K [0x0000000700000000, 0x0000000800000000)
  region size 2048K, 1 young (2048K), 1 survivors (2048K)
 Metaspace       used 106155K, committed 107136K, reserved 1146880K
  class space    used 14998K, committed 15488K, reserved 1048576K
}
Event: 62.018 GC heap before
{Heap before GC invocations=35 (full 0):
 garbage-first heap   total 301056K, used 246523K [0x0000000700000000, 0x0000000800000000)
  region size 2048K, 46 young (94208K), 1 survivors (2048K)
 Metaspace       used 108309K, committed 109376K, reserved 1146880K
  class space    used 15292K, committed 15808K, reserved 1048576K
}
Event: 62.022 GC heap after
{Heap after GC invocations=36 (full 0):
 garbage-first heap   total 301056K, used 161488K [0x0000000700000000, 0x0000000800000000)
  region size 2048K, 4 young (8192K), 4 survivors (8192K)
 Metaspace       used 108309K, committed 109376K, reserved 1146880K
  class space    used 15292K, committed 15808K, reserved 1048576K
}
Event: 63.063 GC heap before
{Heap before GC invocations=36 (full 0):
 garbage-first heap   total 301056K, used 249552K [0x0000000700000000, 0x0000000800000000)
  region size 2048K, 47 young (96256K), 4 survivors (8192K)
 Metaspace       used 111823K, committed 112896K, reserved 1146880K
  class space    used 15912K, committed 16448K, reserved 1048576K
}
Event: 63.069 GC heap after
{Heap after GC invocations=37 (full 0):
 garbage-first heap   total 301056K, used 171972K [0x0000000700000000, 0x0000000800000000)
  region size 2048K, 6 young (12288K), 6 survivors (12288K)
 Metaspace       used 111823K, committed 112896K, reserved 1146880K
  class space    used 15912K, committed 16448K, reserved 1048576K
}
Event: 64.099 GC heap before
{Heap before GC invocations=37 (full 0):
 garbage-first heap   total 301056K, used 247748K [0x0000000700000000, 0x0000000800000000)
  region size 2048K, 43 young (88064K), 6 survivors (12288K)
 Metaspace       used 117720K, committed 118848K, reserved 1155072K
  class space    used 16731K, committed 17280K, reserved 1048576K
}
Event: 64.103 GC heap after
{Heap after GC invocations=38 (full 0):
 garbage-first heap   total 301056K, used 176265K [0x0000000700000000, 0x0000000800000000)
  region size 2048K, 3 young (6144K), 3 survivors (6144K)
 Metaspace       used 117720K, committed 118848K, reserved 1155072K
  class space    used 16731K, committed 17280K, reserved 1048576K
}
Event: 64.834 GC heap before
{Heap before GC invocations=38 (full 0):
 garbage-first heap   total 301056K, used 249993K [0x0000000700000000, 0x0000000800000000)
  region size 2048K, 39 young (79872K), 3 survivors (6144K)
 Metaspace       used 118752K, committed 119872K, reserved 1155072K
  class space    used 16867K, committed 17408K, reserved 1048576K
}
Event: 64.838 GC heap after
{Heap after GC invocations=39 (full 0):
 garbage-first heap   total 301056K, used 182930K [0x0000000700000000, 0x0000000800000000)
  region size 2048K, 5 young (10240K), 5 survivors (10240K)
 Metaspace       used 118752K, committed 119872K, reserved 1155072K
  class space    used 16867K, committed 17408K, reserved 1048576K
}

