# JRE version: OpenJDK Runtime Environment (17.0.6) (build 17.0.6+0-b2043.56-9586694)
# Java VM: OpenJDK 64-Bit Server VM (17.0.6+0-b2043.56-9586694, mixed mode, tiered, compressed oops, compressed class ptrs, g1 gc, windows-amd64)
GC Precious Log:
 CPUs: 16 total, 16 available
 Memory: 32435M
 Large Page Support: Disabled
 NUMA Support: Disabled
 Compressed Oops: Enabled (Zero based)
 Heap Region Size: 2M
 Heap Min Capacity: 8M
 Heap Initial Capacity: 508M
 Heap Max Capacity: 4G
 Pre-touch: Disabled
 Parallel Workers: 13
 Concurrent Workers: 3
 Concurrent Refinement Workers: 13
 Periodic GC: Disabled
Heap:
 garbage-first heap   total 595968K, used 366223K [0x0000000700000000, 0x0000000800000000)
  region size 2048K, 9 young (18432K), 9 survivors (18432K)
 Metaspace       used 85875K, committed 86720K, reserved 1130496K
  class space    used 11984K, committed 12416K, reserved 1048576K
GC Heap History (20 events):
Event: 8.226 GC heap after
{Heap after GC invocations=24 (full 0):
 garbage-first heap   total 325632K, used 129863K [0x0000000700000000, 0x0000000800000000)
  region size 2048K, 7 young (14336K), 7 survivors (14336K)
 Metaspace       used 77877K, committed 78720K, reserved 1122304K
  class space    used 11013K, committed 11456K, reserved 1048576K
}
Event: 8.518 GC heap before
{Heap before GC invocations=24 (full 0):
 garbage-first heap   total 325632K, used 260935K [0x0000000700000000, 0x0000000800000000)
  region size 2048K, 72 young (147456K), 7 survivors (14336K)
 Metaspace       used 81287K, committed 82176K, reserved 1122304K
  class space    used 11378K, committed 11840K, reserved 1048576K
}
Event: 8.525 GC heap after
{Heap after GC invocations=25 (full 0):
 garbage-first heap   total 325632K, used 148844K [0x0000000700000000, 0x0000000800000000)
  region size 2048K, 9 young (18432K), 9 survivors (18432K)
 Metaspace       used 81287K, committed 82176K, reserved 1122304K
  class space    used 11378K, committed 11840K, reserved 1048576K
}
Event: 8.570 GC heap before
{Heap before GC invocations=25 (full 0):
 garbage-first heap   total 325632K, used 261484K [0x0000000700000000, 0x0000000800000000)
  region size 2048K, 63 young (129024K), 9 survivors (18432K)
 Metaspace       used 81287K, committed 82176K, reserved 1122304K
  class space    used 11378K, committed 11840K, reserved 1048576K
}
Event: 8.576 GC heap after
{Heap after GC invocations=26 (full 0):
 garbage-first heap   total 325632K, used 176751K [0x0000000700000000, 0x0000000800000000)
  region size 2048K, 8 young (16384K), 8 survivors (16384K)
 Metaspace       used 81287K, committed 82176K, reserved 1122304K
  class space    used 11378K, committed 11840K, reserved 1048576K
}
Event: 8.602 GC heap before
{Heap before GC invocations=26 (full 0):
 garbage-first heap   total 325632K, used 254575K [0x0000000700000000, 0x0000000800000000)
  region size 2048K, 46 young (94208K), 8 survivors (16384K)
 Metaspace       used 81287K, committed 82176K, reserved 1122304K
  class space    used 11378K, committed 11840K, reserved 1048576K
}
Event: 8.606 GC heap after
{Heap after GC invocations=27 (full 0):
 garbage-first heap   total 325632K, used 200634K [0x0000000700000000, 0x0000000800000000)
  region size 2048K, 6 young (12288K), 6 survivors (12288K)
 Metaspace       used 81287K, committed 82176K, reserved 1122304K
  class space    used 11378K, committed 11840K, reserved 1048576K
}
Event: 8.627 GC heap before
{Heap before GC invocations=27 (full 0):
 garbage-first heap   total 325632K, used 257978K [0x0000000700000000, 0x0000000800000000)
  region size 2048K, 34 young (69632K), 6 survivors (12288K)
 Metaspace       used 81287K, committed 82176K, reserved 1122304K
  class space    used 11378K, committed 11840K, reserved 1048576K
}
Event: 8.631 GC heap after
{Heap after GC invocations=28 (full 0):
 garbage-first heap   total 595968K, used 219375K [0x0000000700000000, 0x0000000800000000)
  region size 2048K, 5 young (10240K), 5 survivors (10240K)
 Metaspace       used 81287K, committed 82176K, reserved 1122304K
  class space    used 11378K, committed 11840K, reserved 1048576K
}
Event: 8.787 GC heap before
{Heap before GC invocations=29 (full 0):
 garbage-first heap   total 595968K, used 430319K [0x0000000700000000, 0x0000000800000000)
  region size 2048K, 108 young (221184K), 5 survivors (10240K)
 Metaspace       used 81270K, committed 82176K, reserved 1122304K
  class space    used 11374K, committed 11840K, reserved 1048576K
}
Event: 8.798 GC heap after
{Heap after GC invocations=30 (full 0):
 garbage-first heap   total 595968K, used 271338K [0x0000000700000000, 0x0000000800000000)
  region size 2048K, 14 young (28672K), 14 survivors (28672K)
 Metaspace       used 81270K, committed 82176K, reserved 1122304K
  class space    used 11374K, committed 11840K, reserved 1048576K
}
Event: 8.800 GC heap before
{Heap before GC invocations=30 (full 0):
 garbage-first heap   total 595968K, used 273386K [0x0000000700000000, 0x0000000800000000)
  region size 2048K, 16 young (32768K), 14 survivors (28672K)
 Metaspace       used 81270K, committed 82176K, reserved 1122304K
  class space    used 11374K, committed 11840K, reserved 1048576K
}
Event: 8.803 GC heap after
{Heap after GC invocations=31 (full 0):
 garbage-first heap   total 595968K, used 274250K [0x0000000700000000, 0x0000000800000000)
  region size 2048K, 1 young (2048K), 1 survivors (2048K)
 Metaspace       used 81270K, committed 82176K, reserved 1122304K
  class space    used 11374K, committed 11840K, reserved 1048576K
}
Event: 8.996 GC heap before
{Heap before GC invocations=31 (full 0):
 garbage-first heap   total 595968K, used 440138K [0x0000000700000000, 0x0000000800000000)
  region size 2048K, 83 young (169984K), 1 survivors (2048K)
 Metaspace       used 81307K, committed 82176K, reserved 1122304K
  class space    used 11379K, committed 11840K, reserved 1048576K
}
Event: 9.001 GC heap after
{Heap after GC invocations=32 (full 0):
 garbage-first heap   total 595968K, used 306917K [0x0000000700000000, 0x0000000800000000)
  region size 2048K, 11 young (22528K), 11 survivors (22528K)
 Metaspace       used 81307K, committed 82176K, reserved 1122304K
  class space    used 11379K, committed 11840K, reserved 1048576K
}
Event: 9.433 GC heap before
{Heap before GC invocations=33 (full 0):
 garbage-first heap   total 595968K, used 458469K [0x0000000700000000, 0x0000000800000000)
  region size 2048K, 84 young (172032K), 11 survivors (22528K)
 Metaspace       used 85855K, committed 86720K, reserved 1130496K
  class space    used 11984K, committed 12416K, reserved 1048576K
}
Event: 9.444 GC heap after
{Heap after GC invocations=34 (full 0):
 garbage-first heap   total 595968K, used 334040K [0x0000000700000000, 0x0000000800000000)
  region size 2048K, 11 young (22528K), 11 survivors (22528K)
 Metaspace       used 85855K, committed 86720K, reserved 1130496K
  class space    used 11984K, committed 12416K, reserved 1048576K
}
Event: 9.450 GC heap before
{Heap before GC invocations=34 (full 0):
 garbage-first heap   total 595968K, used 340184K [0x0000000700000000, 0x0000000800000000)
  region size 2048K, 14 young (28672K), 11 survivors (22528K)
 Metaspace       used 85857K, committed 86720K, reserved 1130496K
  class space    used 11984K, committed 12416K, reserved 1048576K
}
Event: 9.458 GC heap after
{Heap after GC invocations=35 (full 0):
 garbage-first heap   total 595968K, used 336484K [0x0000000700000000, 0x0000000800000000)
  region size 2048K, 2 young (4096K), 2 survivors (4096K)
 Metaspace       used 85857K, committed 86720K, reserved 1130496K
  class space    used 11984K, committed 12416K, reserved 1048576K
}
Event: 9.595 GC heap before
{Heap before GC invocations=35 (full 0):
 garbage-first heap   total 595968K, used 465508K [0x0000000700000000, 0x0000000800000000)
  region size 2048K, 66 young (135168K), 2 survivors (4096K)
 Metaspace       used 85875K, committed 86720K, reserved 1130496K
  class space    used 11984K, committed 12416K, reserved 1048576K
}

