# JRE version: OpenJDK Runtime Environment (17.0.6) (build 17.0.6+0-b2043.56-9586694)
# Java VM: OpenJDK 64-Bit Server VM (17.0.6+0-b2043.56-9586694, mixed mode, tiered, compressed oops, compressed class ptrs, g1 gc, windows-amd64)
GC Precious Log:
 CPUs: 16 total, 16 available
 Memory: 32435M
 Large Page Support: Disabled
 NUMA Support: Disabled
 Compressed Oops: Enabled (Zero based)
 Heap Region Size: 2M
 Heap Min Capacity: 8M
 Heap Initial Capacity: 508M
 Heap Max Capacity: 4G
 Pre-touch: Disabled
 Parallel Workers: 13
 Concurrent Workers: 3
 Concurrent Refinement Workers: 13
 Periodic GC: Disabled
Heap:
 garbage-first heap   total 356352K, used 267457K [0x0000000700000000, 0x0000000800000000)
  region size 2048K, 53 young (108544K), 5 survivors (10240K)
 Metaspace       used 118730K, committed 119872K, reserved 1155072K
  class space    used 16849K, committed 17408K, reserved 1048576K
GC Heap History (20 events):
Event: 425.421 GC heap before
{Heap before GC invocations=27 (full 0):
 garbage-first heap   total 296960K, used 202970K [0x0000000700000000, 0x0000000800000000)
  region size 2048K, 37 young (75776K), 5 survivors (10240K)
 Metaspace       used 86320K, committed 87232K, reserved 1130496K
  class space    used 12269K, committed 12672K, reserved 1048576K
}
Event: 425.425 GC heap after
{Heap after GC invocations=28 (full 0):
 garbage-first heap   total 296960K, used 147479K [0x0000000700000000, 0x0000000800000000)
  region size 2048K, 3 young (6144K), 3 survivors (6144K)
 Metaspace       used 86320K, committed 87232K, reserved 1130496K
  class space    used 12269K, committed 12672K, reserved 1048576K
}
Event: 426.484 GC heap before
{Heap before GC invocations=29 (full 0):
 garbage-first heap   total 296960K, used 243735K [0x0000000700000000, 0x0000000800000000)
  region size 2048K, 49 young (100352K), 3 survivors (6144K)
 Metaspace       used 93678K, committed 94528K, reserved 1130496K
  class space    used 13341K, committed 13760K, reserved 1048576K
}
Event: 426.489 GC heap after
{Heap after GC invocations=30 (full 0):
 garbage-first heap   total 296960K, used 154423K [0x0000000700000000, 0x0000000800000000)
  region size 2048K, 7 young (14336K), 7 survivors (14336K)
 Metaspace       used 93678K, committed 94528K, reserved 1130496K
  class space    used 13341K, committed 13760K, reserved 1048576K
}
Event: 426.496 GC heap before
{Heap before GC invocations=30 (full 0):
 garbage-first heap   total 296960K, used 156471K [0x0000000700000000, 0x0000000800000000)
  region size 2048K, 8 young (16384K), 7 survivors (14336K)
 Metaspace       used 93705K, committed 94528K, reserved 1130496K
  class space    used 13341K, committed 13760K, reserved 1048576K
}
Event: 426.500 GC heap after
{Heap after GC invocations=31 (full 0):
 garbage-first heap   total 296960K, used 154606K [0x0000000700000000, 0x0000000800000000)
  region size 2048K, 1 young (2048K), 1 survivors (2048K)
 Metaspace       used 93705K, committed 94528K, reserved 1130496K
  class space    used 13341K, committed 13760K, reserved 1048576K
}
Event: 427.076 GC heap before
{Heap before GC invocations=31 (full 0):
 garbage-first heap   total 296960K, used 240622K [0x0000000700000000, 0x0000000800000000)
  region size 2048K, 44 young (90112K), 1 survivors (2048K)
 Metaspace       used 98498K, committed 99392K, reserved 1138688K
  class space    used 13960K, committed 14400K, reserved 1048576K
}
Event: 427.079 GC heap after
{Heap after GC invocations=32 (full 0):
 garbage-first heap   total 296960K, used 157883K [0x0000000700000000, 0x0000000800000000)
  region size 2048K, 3 young (6144K), 3 survivors (6144K)
 Metaspace       used 98498K, committed 99392K, reserved 1138688K
  class space    used 13960K, committed 14400K, reserved 1048576K
}
Event: 427.763 GC heap before
{Heap before GC invocations=33 (full 0):
 garbage-first heap   total 296960K, used 241851K [0x0000000700000000, 0x0000000800000000)
  region size 2048K, 45 young (92160K), 3 survivors (6144K)
 Metaspace       used 103899K, committed 104832K, reserved 1138688K
  class space    used 14659K, committed 15104K, reserved 1048576K
}
Event: 427.766 GC heap after
{Heap after GC invocations=34 (full 0):
 garbage-first heap   total 296960K, used 161957K [0x0000000700000000, 0x0000000800000000)
  region size 2048K, 5 young (10240K), 5 survivors (10240K)
 Metaspace       used 103899K, committed 104832K, reserved 1138688K
  class space    used 14659K, committed 15104K, reserved 1048576K
}
Event: 427.791 GC heap before
{Heap before GC invocations=34 (full 0):
 garbage-first heap   total 296960K, used 166053K [0x0000000700000000, 0x0000000800000000)
  region size 2048K, 7 young (14336K), 5 survivors (10240K)
 Metaspace       used 104176K, committed 105152K, reserved 1146880K
  class space    used 14698K, committed 15168K, reserved 1048576K
}
Event: 427.796 GC heap after
{Heap after GC invocations=35 (full 0):
 garbage-first heap   total 296960K, used 149417K [0x0000000700000000, 0x0000000800000000)
  region size 2048K, 1 young (2048K), 1 survivors (2048K)
 Metaspace       used 104176K, committed 105152K, reserved 1146880K
  class space    used 14698K, committed 15168K, reserved 1048576K
}
Event: 428.533 GC heap before
{Heap before GC invocations=35 (full 0):
 garbage-first heap   total 296960K, used 243625K [0x0000000700000000, 0x0000000800000000)
  region size 2048K, 47 young (96256K), 1 survivors (2048K)
 Metaspace       used 106005K, committed 107072K, reserved 1146880K
  class space    used 14970K, committed 15488K, reserved 1048576K
}
Event: 428.537 GC heap after
{Heap after GC invocations=36 (full 0):
 garbage-first heap   total 296960K, used 155897K [0x0000000700000000, 0x0000000800000000)
  region size 2048K, 4 young (8192K), 4 survivors (8192K)
 Metaspace       used 106005K, committed 107072K, reserved 1146880K
  class space    used 14970K, committed 15488K, reserved 1048576K
}
Event: 429.139 GC heap before
{Heap before GC invocations=37 (full 0):
 garbage-first heap   total 296960K, used 243961K [0x0000000700000000, 0x0000000800000000)
  region size 2048K, 47 young (96256K), 4 survivors (8192K)
 Metaspace       used 108495K, committed 109568K, reserved 1146880K
  class space    used 15294K, committed 15808K, reserved 1048576K
}
Event: 429.144 GC heap after
{Heap after GC invocations=38 (full 0):
 garbage-first heap   total 296960K, used 163921K [0x0000000700000000, 0x0000000800000000)
  region size 2048K, 4 young (8192K), 4 survivors (8192K)
 Metaspace       used 108495K, committed 109568K, reserved 1146880K
  class space    used 15294K, committed 15808K, reserved 1048576K
}
Event: 429.179 GC heap before
{Heap before GC invocations=38 (full 0):
 garbage-first heap   total 296960K, used 170065K [0x0000000700000000, 0x0000000800000000)
  region size 2048K, 7 young (14336K), 4 survivors (8192K)
 Metaspace       used 108520K, committed 109568K, reserved 1146880K
  class space    used 15294K, committed 15808K, reserved 1048576K
}
Event: 429.183 GC heap after
{Heap after GC invocations=39 (full 0):
 garbage-first heap   total 356352K, used 163013K [0x0000000700000000, 0x0000000800000000)
  region size 2048K, 1 young (2048K), 1 survivors (2048K)
 Metaspace       used 108520K, committed 109568K, reserved 1146880K
  class space    used 15294K, committed 15808K, reserved 1048576K
}
Event: 430.229 GC heap before
{Heap before GC invocations=39 (full 0):
 garbage-first heap   total 356352K, used 289989K [0x0000000700000000, 0x0000000800000000)
  region size 2048K, 63 young (129024K), 1 survivors (2048K)
 Metaspace       used 117188K, committed 118208K, reserved 1155072K
  class space    used 16627K, committed 17152K, reserved 1048576K
}
Event: 430.233 GC heap after
{Heap after GC invocations=40 (full 0):
 garbage-first heap   total 356352K, used 171201K [0x0000000700000000, 0x0000000800000000)
  region size 2048K, 5 young (10240K), 5 survivors (10240K)
 Metaspace       used 117188K, committed 118208K, reserved 1155072K
  class space    used 16627K, committed 17152K, reserved 1048576K
}

